
-------------------------------------------------------------------
Parameter estimates
           phi0            phi1            phi2            gamm             rho 
 0.182091961888  1.008376900207  0.820946004545  0.008067174569  0.001337901761 
            sig             bet            delt           omega             psi 
 1.093902394981  0.050954865269  0.095278338184  0.003331055326  0.824544631862 
          pibar            cbar          taubar            rhor           rhopc 
-0.009192434189  7.562901349131  0.094391671591  0.055193134847  0.452373848220 
          sig2m         sig2tau           sig2r          sig2pc            thet 
 0.000007023285  0.019169580173  0.000000915779  0.000007163578  0.002095428774 
           abar            rbar 
 0.000970169153  0.000970169153 
log prior                    33.62048001
log likelihood             3112.73092695
log posterior density      3146.35140696

-------------------------------------------------------------------

---------------------------------------- 
Residuals VCV: FTmodel
                 r                p                c          tau
r   0.000005829831  0.0000013251870  0.0000054018301 0.0002761608
p   0.000001325187  0.0000110063441 -0.0000004370212 0.0001629474
c   0.000005401830 -0.0000004370212  0.0000943681929 0.0011060367
tau 0.000276160799  0.0001629473802  0.0011060367046 0.1639728120

 Residuals VCV: BVAR
                  r                p               c          tau
r   0.0000034943975  0.0000007127045  0.000003082282 0.0001874328
p   0.0000007127045  0.0000069128734 -0.000001673363 0.0001373491
c   0.0000030822824 -0.0000016733625  0.000059391147 0.0005407119
tau 0.0001874328499  0.0001373490924  0.000540711906 0.1151495656

 Residuals Variances (FTmodel | BVAR)
           FTmodel           BVAR
r   0.000005829831 0.000003494398
p   0.000011006344 0.000006912873
c   0.000094368193 0.000059391147
tau 0.163972811956 0.115149565576
---------------------------------------- 
