
-------------------------------------------------------------------
Parameter estimates
          phi0           phi1           phi2           gamm            rho 
0.098281142943 1.000207284581 2.319265683026 0.011255777407 0.000961954022 
           sig            bet           delt          omega            psi 
2.031003499038 0.072814626872 0.026914543521 0.002784745030 2.273293618822 
         pibar           cbar         taubar           rhor          rhopc 
0.005148188861 8.611264427892 0.000999876455 0.123574658998 0.993875542639 
         sig2m        sig2tau          sig2r         sig2pc           thet 
0.000005454134 0.071697249456 0.000005536399 0.000026208693 0.012566699912 
          abar           rbar 
0.028970666180 0.028970666180 
log prior                    24.55262451
log likelihood             1421.75334221
log posterior density      1446.30596672

-------------------------------------------------------------------

---------------------------------------- 
Residuals VCV: FTmodel
                  r               p               c           tau
r   0.0000027525381 0.0000001399720 0.0000024920586 0.00009641058
p   0.0000001399720 0.0000061907954 0.0000002156206 0.00013607471
c   0.0000024920586 0.0000002156206 0.0000294270049 0.00040839898
tau 0.0000964105752 0.0001360747084 0.0004083989798 0.26733325012

 Residuals VCV: BVAR
                  r                p                c            tau
r   0.0000008905775  0.0000003135772  0.0000005335345  0.00006631316
p   0.0000003135772  0.0000043167286 -0.0000001275914  0.00016205089
c   0.0000005335345 -0.0000001275914  0.0000163631216 -0.00005490467
tau 0.0000663131576  0.0001620508910 -0.0000549046660  0.13480182505

 Residuals Variances (FTmodel | BVAR)
           FTmodel            BVAR
r   0.000002752538 0.0000008905775
p   0.000006190795 0.0000043167286
c   0.000029427005 0.0000163631216
tau 0.267333250122 0.1348018250483
---------------------------------------- 
