
-------------------------------------------------------------------
Parameter estimates
            phi0             phi1             phi2             gamm 
  0.049633635372   0.988918119698   2.960134451943   0.016956636403 
             rho              sig              bet             delt 
  0.000262235969   2.746877609004   0.346696506392   0.005047998903 
           omega              psi            pibar             cbar 
  0.178015485567   2.588380050590   0.008069549330   7.652135520135 
          taubar             rhor            rhopc            sig2m 
  0.179848676177   0.004905186750   0.242905516562   0.000006096695 
         sig2tau            sig2r           sig2pc             rhob 
 61.257622153985   0.000002622691   0.000008029925   0.995140092466 
           sig2b             thet             abar             rbar 
137.284368935054   0.029883404425   0.054909590158   0.054909590158 
log prior                   -10.12003827
log likelihood             1487.87584770
log posterior density      1477.75580943

-------------------------------------------------------------------

---------------------------------------- 
Residuals VCV: FTmodel
                   r                p               c              b
r    0.0000063002538  0.0000004626464  0.000008535855    -0.01249526
p    0.0000004626464  0.0000118311897 -0.000003072010    -0.02580810
c    0.0000085358546 -0.0000030720101  0.000098367172    -0.15855933
b   -0.0124952626648 -0.0258080959655 -0.158559333461 12467.91290803
tau  0.0071037405114  0.0228793335632  0.114047760061  -258.89224815
              tau
r      0.00710374
p      0.02287933
c      0.11404776
b   -258.89224815
tau 3040.11952051

 Residuals VCV: BVAR
                  r               p               c             b           tau
r    0.000003386313  0.000000726557  0.000003198042   -0.01338000    0.01925707
p    0.000000726557  0.000006768534 -0.000001578325   -0.01970200    0.01393295
c    0.000003198042 -0.000001578325  0.000059033747   -0.06277068    0.05490745
b   -0.013379995912 -0.019701999282 -0.062770680809 1261.77579157 -261.76041101
tau  0.019257066814  0.013932950346  0.054907450624 -261.76041101 1075.70491402

 Residuals Variances (FTmodel | BVAR)
         FTmodel              BVAR
r   6.300254e-06    0.000003386313
p   1.183119e-05    0.000006768534
c   9.836717e-05    0.000059033747
b   1.246791e+04 1261.775791566810
tau 3.040120e+03 1075.704914024363
---------------------------------------- 
