
-------------------------------------------------------------------
Parameter estimates
            phi0             phi1             phi2             gamm 
  0.017535655329   0.927276530517   4.947263098245   0.016775556927 
             rho              sig              bet             delt 
  0.001302389426   4.033710273694   0.270205671393   0.007852442487 
           omega              psi            pibar             cbar 
  0.283329884666   2.265645705677   0.010537088687   7.702824895271 
          taubar             rhor            rhopc            sig2m 
  0.770277016406   0.017426044680   0.216572812612   0.000004086344 
         sig2tau            sig2r           sig2pc             rhob 
119.069980965586   0.000022953254   0.000006409240   0.949056786016 
           sig2b             thet             abar             rbar 
187.188798738552   0.052194568824   0.079507214438   0.079507214438 
log prior                   -10.38394674
log likelihood              745.81072568
log posterior density       735.42677894

-------------------------------------------------------------------

---------------------------------------- 
Residuals VCV: FTmodel
                  r                p               c              b
r   0.0000042267663  0.0000004555612  0.000005478195    0.004179083
p   0.0000004555612  0.0000141396789 -0.000008935945   -0.001583395
c   0.0000054781947 -0.0000089359448  0.000124267973   -0.067767885
b   0.0041790826753 -0.0015833948158 -0.067767884728 1387.469953446
tau 0.0184098224604  0.0419836843935  0.119224282063 -314.062135105
              tau
r      0.01840982
p      0.04198368
c      0.11922428
b   -314.06213511
tau 1080.40239147

 Residuals VCV: BVAR
                  r               p               c             b          tau
r    0.000001380255  0.000000493447  0.000001199009  -0.006463088   0.01081662
p    0.000000493447  0.000006340903 -0.000004118128  -0.009075464   0.01354117
c    0.000001199009 -0.000004118128  0.000075197276  -0.020203930   0.03326204
b   -0.006463087650 -0.009075464500 -0.020203930276 152.924713581 -87.21413413
tau  0.010816618723  0.013541167995  0.033262036016 -87.214134128 390.58549193

 Residuals Variances (FTmodel | BVAR)
              FTmodel             BVAR
r      0.000004226766   0.000001380255
p      0.000014139679   0.000006340903
c      0.000124267973   0.000075197276
b   1387.469953446182 152.924713581099
tau 1080.402391466779 390.585491928801
---------------------------------------- 
