
-------------------------------------------------------------------
Parameter estimates
        phi0         phi1         phi2         gamm          rho          sig 
1.407939e-01 9.621155e-01 1.310755e+00 2.223089e-02 8.710843e-04 1.005362e+00 
         bet         delt        omega          psi        pibar         cbar 
1.016719e-01 6.181294e-03 2.824640e-02 1.029105e+00 1.086543e-02 8.571932e+00 
      taubar         rhor        rhopc        sig2m      sig2tau        sig2r 
1.283803e-02 6.757659e-02 1.055379e+00 2.047221e-06 3.345201e+02 8.089004e-07 
      sig2pc         rhob        sig2b         thet         abar         rbar 
3.201497e-05 9.949144e-01 2.585642e+03 9.902873e-04 3.408661e-02 3.408661e-02 
log prior                   -17.65786480
log likelihood              629.31090792
log posterior density       611.65304312

-------------------------------------------------------------------

---------------------------------------- 
Residuals VCV: FTmodel
                  r                p                c              b
r   0.0000017527077  0.0000005073509  0.0000023764276     0.01703551
p   0.0000005073509  0.0000061394214 -0.0000005832561    -0.03446324
c   0.0000023764276 -0.0000005832561  0.0000329927664    -0.21304929
b   0.0170355146444 -0.0344632402358 -0.2130492872875 33463.89401368
tau 0.0160382774008  0.0124868836136  0.0206741344853 -1500.53034973
               tau
r       0.01603828
p       0.01248688
c       0.02067413
b   -1500.53034973
tau  2677.62996152

 Residuals VCV: BVAR
                   r                 p                 c             b
r    0.0000007225056  0.00000037013877  0.00000060508896   -0.01062838
p    0.0000003701388  0.00000409779805  0.00000003897086   -0.03153315
c    0.0000006050890  0.00000003897086  0.00001541661305   -0.06237941
b   -0.0106283816753 -0.03153315241632 -0.06237941371680 2184.63211817
tau  0.0080514237511  0.01846941490489 -0.00759287223792 -253.07915404
               tau
r      0.008051424
p      0.018469415
c     -0.007592872
b   -253.079154041
tau 1180.775385233

 Residuals Variances (FTmodel | BVAR)
         FTmodel         BVAR
r   1.752708e-06 7.225056e-07
p   6.139421e-06 4.097798e-06
c   3.299277e-05 1.541661e-05
b   3.346389e+04 2.184632e+03
tau 2.677630e+03 1.180775e+03
---------------------------------------- 
