
-------------------------------------------------------------------
Parameter estimates
           phi0            phi1            phi2            gamm             rho 
 0.160585506238  1.005741229253  0.947107608560  0.008403324606  0.000837682411 
            sig             bet            delt           omega             psi 
 1.125605920227  0.009271255697  0.328466176380  0.002834513631  0.549018835362 
          pibar            cbar          taubar            rhor           rhopc 
-0.009296514326  7.629144035404  0.276589707003  0.148492360946  0.454997708061 
          sig2m         sig2tau           sig2r          sig2pc            thet 
 0.000006446928  0.021856782817  0.000006448484  0.000006785336  0.001893189731 
           abar            rbar 
 0.001000000010  0.001000000010 
log prior                    36.83174743
log likelihood             1538.24680459
log posterior density      1575.07855202

-------------------------------------------------------------------

---------------------------------------- 
Residuals VCV: FTmodel
                 r               p               c          tau
r   0.000004864315  0.000001251252  0.000004327519 0.0002247857
p   0.000001251252  0.000011320351 -0.000006311529 0.0002105362
c   0.000004327519 -0.000006311529  0.000123019393 0.0012187505
tau 0.000224785701  0.000210536165  0.001218750531 0.0882393246

 Residuals VCV: BVAR
                  r                p               c          tau
r   0.0000017579019  0.0000008038246  0.000001912304 0.0001023773
p   0.0000008038246  0.0000067012995 -0.000003325771 0.0001430963
c   0.0000019123040 -0.0000033257713  0.000078112274 0.0003740746
tau 0.0001023773482  0.0001430962757  0.000374074591 0.0413872993

 Residuals Variances (FTmodel | BVAR)
           FTmodel           BVAR
r   0.000004864315 0.000001757902
p   0.000011320351 0.000006701300
c   0.000123019393 0.000078112274
tau 0.088239324566 0.041387299280
---------------------------------------- 
